2025-04-12 18:47:29.331 [JavaFX-Launcher] INFO  o.s.boot.SpringApplication - Starting application using Java 17.0.12 with PID 45556 (started by 86135 in D:\project\gamehall\client)
2025-04-12 18:47:29.334 [JavaFX-Launcher] INFO  o.s.boot.SpringApplication - No active profile set, falling back to 1 default profile: "default"
2025-04-12 18:47:29.412 [JavaFX-Launcher] INFO  o.s.b.d.e.DevToolsPropertyDefaultsPostProcessor - For additional web related logging consider setting the 'logging.level.web' property to 'DEBUG'
2025-04-12 18:47:30.193 [JavaFX-Launcher] ERROR o.s.boot.SpringApplication - Application run failed
org.springframework.cglib.core.CodeGenerationException: java.lang.IllegalAccessException-->module com.client does not open com.client to unnamed module @2a1ec46b
	at org.springframework.cglib.core.ReflectUtils.defineClass(ReflectUtils.java:472)
	at org.springframework.cglib.core.AbstractClassGenerator.generate(AbstractClassGenerator.java:371)
	at org.springframework.cglib.proxy.Enhancer.generate(Enhancer.java:575)
	at org.springframework.cglib.core.AbstractClassGenerator$ClassLoaderData.lambda$new$1(AbstractClassGenerator.java:107)
	at org.springframework.cglib.core.internal.LoadingCache.lambda$createEntry$1(LoadingCache.java:52)
	at java.base/java.util.concurrent.FutureTask.run(FutureTask.java:264)
	at org.springframework.cglib.core.internal.LoadingCache.createEntry(LoadingCache.java:57)
	at org.springframework.cglib.core.internal.LoadingCache.get(LoadingCache.java:34)
	at org.springframework.cglib.core.AbstractClassGenerator$ClassLoaderData.get(AbstractClassGenerator.java:130)
	at org.springframework.cglib.core.AbstractClassGenerator.create(AbstractClassGenerator.java:317)
	at org.springframework.cglib.proxy.Enhancer.createHelper(Enhancer.java:562)
	at org.springframework.cglib.proxy.Enhancer.createClass(Enhancer.java:407)
	at spring.context@6.0.13/org.springframework.context.annotation.ConfigurationClassEnhancer.createClass(ConfigurationClassEnhancer.java:138)
	at spring.context@6.0.13/org.springframework.context.annotation.ConfigurationClassEnhancer.enhance(ConfigurationClassEnhancer.java:109)
	at spring.context@6.0.13/org.springframework.context.annotation.ConfigurationClassPostProcessor.enhanceConfigurationClasses(ConfigurationClassPostProcessor.java:531)
	at spring.context@6.0.13/org.springframework.context.annotation.ConfigurationClassPostProcessor.postProcessBeanFactory(ConfigurationClassPostProcessor.java:308)
	at spring.context@6.0.13/org.springframework.context.support.PostProcessorRegistrationDelegate.invokeBeanFactoryPostProcessors(PostProcessorRegistrationDelegate.java:358)
	at spring.context@6.0.13/org.springframework.context.support.PostProcessorRegistrationDelegate.invokeBeanFactoryPostProcessors(PostProcessorRegistrationDelegate.java:150)
	at spring.context@6.0.13/org.springframework.context.support.AbstractApplicationContext.invokeBeanFactoryPostProcessors(AbstractApplicationContext.java:779)
	at spring.context@6.0.13/org.springframework.context.support.AbstractApplicationContext.refresh(AbstractApplicationContext.java:597)
	at spring.boot@3.1.5/org.springframework.boot.web.servlet.context.ServletWebServerApplicationContext.refresh(ServletWebServerApplicationContext.java:146)
	at spring.boot@3.1.5/org.springframework.boot.SpringApplication.refresh(SpringApplication.java:738)
	at spring.boot@3.1.5/org.springframework.boot.SpringApplication.refreshContext(SpringApplication.java:440)
	at spring.boot@3.1.5/org.springframework.boot.SpringApplication.run(SpringApplication.java:316)
	at spring.boot@3.1.5/org.springframework.boot.builder.SpringApplicationBuilder.run(SpringApplicationBuilder.java:150)
	at com.client/com.client.Main.init(Main.java:20)
	at javafx.graphics/com.sun.javafx.application.LauncherImpl.launchApplication1(LauncherImpl.java:825)
	at javafx.graphics/com.sun.javafx.application.LauncherImpl.lambda$launchApplication$2(LauncherImpl.java:196)
	at java.base/java.lang.Thread.run(Thread.java:842)
Caused by: java.lang.IllegalAccessException: module com.client does not open com.client to unnamed module @2a1ec46b
	at java.base/java.lang.invoke.MethodHandles.privateLookupIn(MethodHandles.java:259)
	at org.springframework.cglib.core.ReflectUtils.defineClass(ReflectUtils.java:462)
	... 28 common frames omitted
2025-04-12 18:47:41.479 [JavaFX-Launcher] INFO  o.s.boot.SpringApplication - Starting application using Java 17.0.12 with PID 42416 (started by 86135 in D:\project\gamehall\client)
2025-04-12 18:47:41.484 [JavaFX-Launcher] INFO  o.s.boot.SpringApplication - No active profile set, falling back to 1 default profile: "default"
2025-04-12 18:47:41.558 [JavaFX-Launcher] INFO  o.s.b.d.e.DevToolsPropertyDefaultsPostProcessor - For additional web related logging consider setting the 'logging.level.web' property to 'DEBUG'
2025-04-12 18:47:42.120 [JavaFX-Launcher] ERROR o.s.boot.SpringApplication - Application run failed
org.springframework.cglib.core.CodeGenerationException: java.lang.IllegalAccessException-->module com.client does not open com.client to unnamed module @56c65e81
	at org.springframework.cglib.core.ReflectUtils.defineClass(ReflectUtils.java:472)
	at org.springframework.cglib.core.AbstractClassGenerator.generate(AbstractClassGenerator.java:371)
	at org.springframework.cglib.proxy.Enhancer.generate(Enhancer.java:575)
	at org.springframework.cglib.core.AbstractClassGenerator$ClassLoaderData.lambda$new$1(AbstractClassGenerator.java:107)
	at org.springframework.cglib.core.internal.LoadingCache.lambda$createEntry$1(LoadingCache.java:52)
	at java.base/java.util.concurrent.FutureTask.run(FutureTask.java:264)
	at org.springframework.cglib.core.internal.LoadingCache.createEntry(LoadingCache.java:57)
	at org.springframework.cglib.core.internal.LoadingCache.get(LoadingCache.java:34)
	at org.springframework.cglib.core.AbstractClassGenerator$ClassLoaderData.get(AbstractClassGenerator.java:130)
	at org.springframework.cglib.core.AbstractClassGenerator.create(AbstractClassGenerator.java:317)
	at org.springframework.cglib.proxy.Enhancer.createHelper(Enhancer.java:562)
	at org.springframework.cglib.proxy.Enhancer.createClass(Enhancer.java:407)
	at spring.context@6.0.13/org.springframework.context.annotation.ConfigurationClassEnhancer.createClass(ConfigurationClassEnhancer.java:138)
	at spring.context@6.0.13/org.springframework.context.annotation.ConfigurationClassEnhancer.enhance(ConfigurationClassEnhancer.java:109)
	at spring.context@6.0.13/org.springframework.context.annotation.ConfigurationClassPostProcessor.enhanceConfigurationClasses(ConfigurationClassPostProcessor.java:531)
	at spring.context@6.0.13/org.springframework.context.annotation.ConfigurationClassPostProcessor.postProcessBeanFactory(ConfigurationClassPostProcessor.java:308)
	at spring.context@6.0.13/org.springframework.context.support.PostProcessorRegistrationDelegate.invokeBeanFactoryPostProcessors(PostProcessorRegistrationDelegate.java:358)
	at spring.context@6.0.13/org.springframework.context.support.PostProcessorRegistrationDelegate.invokeBeanFactoryPostProcessors(PostProcessorRegistrationDelegate.java:150)
	at spring.context@6.0.13/org.springframework.context.support.AbstractApplicationContext.invokeBeanFactoryPostProcessors(AbstractApplicationContext.java:779)
	at spring.context@6.0.13/org.springframework.context.support.AbstractApplicationContext.refresh(AbstractApplicationContext.java:597)
	at spring.boot@3.1.5/org.springframework.boot.web.servlet.context.ServletWebServerApplicationContext.refresh(ServletWebServerApplicationContext.java:146)
	at spring.boot@3.1.5/org.springframework.boot.SpringApplication.refresh(SpringApplication.java:738)
	at spring.boot@3.1.5/org.springframework.boot.SpringApplication.refreshContext(SpringApplication.java:440)
	at spring.boot@3.1.5/org.springframework.boot.SpringApplication.run(SpringApplication.java:316)
	at spring.boot@3.1.5/org.springframework.boot.builder.SpringApplicationBuilder.run(SpringApplicationBuilder.java:150)
	at com.client/com.client.Main.init(Main.java:20)
	at javafx.graphics/com.sun.javafx.application.LauncherImpl.launchApplication1(LauncherImpl.java:825)
	at javafx.graphics/com.sun.javafx.application.LauncherImpl.lambda$launchApplication$2(LauncherImpl.java:196)
	at java.base/java.lang.Thread.run(Thread.java:842)
Caused by: java.lang.IllegalAccessException: module com.client does not open com.client to unnamed module @56c65e81
	at java.base/java.lang.invoke.MethodHandles.privateLookupIn(MethodHandles.java:259)
	at org.springframework.cglib.core.ReflectUtils.defineClass(ReflectUtils.java:462)
	... 28 common frames omitted
